<?xml version="1.0" encoding="UTF-8"?>
<coverage generated="1690472623762" clover="3.2.0">
  <project timestamp="1690472623763" name="All files">
    <metrics statements="159" coveredstatements="128" conditionals="55" coveredconditionals="38" methods="42" coveredmethods="32" elements="256" coveredelements="198" complexity="0" loc="159" ncloc="159" packages="2" files="8" classes="8"/>
    <package name="components">
      <metrics statements="144" coveredstatements="113" conditionals="51" coveredconditionals="34" methods="39" coveredmethods="29"/>
      <file name="Board.jsx" path="C:\Users\chaum\Documents\TravelPort\react-minesweeper\src\components\Board.jsx">
        <metrics statements="99" coveredstatements="71" conditionals="36" coveredconditionals="20" methods="24" coveredmethods="18"/>
        <line num="2" count="1" type="stmt"/>
        <line num="3" count="1" type="stmt"/>
        <line num="4" count="1" type="stmt"/>
        <line num="5" count="1" type="stmt"/>
        <line num="6" count="1" type="stmt"/>
        <line num="7" count="1" type="stmt"/>
        <line num="8" count="1" type="stmt"/>
        <line num="9" count="1" type="stmt"/>
        <line num="10" count="1" type="stmt"/>
        <line num="12" count="1" type="stmt"/>
        <line num="15" count="47" type="stmt"/>
        <line num="16" count="47" type="stmt"/>
        <line num="17" count="47" type="stmt"/>
        <line num="18" count="47" type="stmt"/>
        <line num="19" count="47" type="stmt"/>
        <line num="20" count="47" type="stmt"/>
        <line num="21" count="47" type="stmt"/>
        <line num="23" count="47" type="stmt"/>
        <line num="24" count="14" type="stmt"/>
        <line num="25" count="11" type="cond" truecount="3" falsecount="0"/>
        <line num="26" count="11" type="stmt"/>
        <line num="29" count="14" type="stmt"/>
        <line num="30" count="14" type="stmt"/>
        <line num="33" count="47" type="stmt"/>
        <line num="34" count="21" type="stmt"/>
        <line num="35" count="21" type="stmt"/>
        <line num="36" count="59" type="stmt"/>
        <line num="37" count="177" type="cond" truecount="3" falsecount="0"/>
        <line num="40" count="21" type="stmt"/>
        <line num="43" count="47" type="stmt"/>
        <line num="45" count="0" type="cond" truecount="0" falsecount="1"/>
        <line num="54" count="0" type="stmt"/>
        <line num="58" count="0" type="stmt"/>
        <line num="61" count="0" type="cond" truecount="0" falsecount="1"/>
        <line num="62" count="0" type="stmt"/>
        <line num="63" count="0" type="stmt"/>
        <line num="64" count="0" type="stmt"/>
        <line num="65" count="0" type="stmt"/>
        <line num="66" count="0" type="stmt"/>
        <line num="67" count="0" type="stmt"/>
        <line num="68" count="0" type="stmt"/>
        <line num="69" count="0" type="stmt"/>
        <line num="73" count="0" type="stmt"/>
        <line num="76" count="47" type="stmt"/>
        <line num="77" count="0" type="stmt"/>
        <line num="78" count="0" type="stmt"/>
        <line num="79" count="0" type="stmt"/>
        <line num="80" count="0" type="stmt"/>
        <line num="81" count="0" type="stmt"/>
        <line num="82" count="0" type="stmt"/>
        <line num="85" count="47" type="stmt"/>
        <line num="87" count="11" type="stmt"/>
        <line num="90" count="11" type="stmt"/>
        <line num="91" count="25" type="stmt"/>
        <line num="93" count="125" type="stmt"/>
        <line num="94" count="125" type="stmt"/>
        <line num="95" count="75" type="cond" truecount="2" falsecount="0"/>
        <line num="99" count="11" type="stmt"/>
        <line num="100" count="11" type="stmt"/>
        <line num="103" count="47" type="stmt"/>
        <line num="104" count="11" type="stmt"/>
        <line num="105" count="11" type="stmt"/>
        <line num="106" count="11" type="stmt"/>
        <line num="108" count="11" type="cond" truecount="2" falsecount="1"/>
        <line num="109" count="0" type="stmt"/>
        <line num="112" count="11" type="cond" truecount="2" falsecount="0"/>
        <line num="113" count="1" type="stmt"/>
        <line num="114" count="1" type="stmt"/>
        <line num="115" count="10" type="cond" truecount="1" falsecount="1"/>
        <line num="116" count="0" type="stmt"/>
        <line num="118" count="10" type="stmt"/>
        <line num="119" count="10" type="stmt"/>
        <line num="122" count="11" type="cond" truecount="1" falsecount="0"/>
        <line num="123" count="11" type="stmt"/>
        <line num="126" count="11" type="cond" truecount="1" falsecount="0"/>
        <line num="127" count="2" type="stmt"/>
        <line num="128" count="2" type="stmt"/>
        <line num="133" count="47" type="stmt"/>
        <line num="134" count="0" type="stmt"/>
        <line num="137" count="0" type="cond" truecount="0" falsecount="2"/>
        <line num="139" count="0" type="cond" truecount="0" falsecount="3"/>
        <line num="140" count="0" type="stmt"/>
        <line num="143" count="0" type="stmt"/>
        <line num="144" count="0" type="stmt"/>
        <line num="151" count="47" type="stmt"/>
        <line num="152" count="1" type="stmt"/>
        <line num="153" count="6" type="cond" truecount="2" falsecount="0"/>
        <line num="155" count="1" type="stmt"/>
        <line num="156" count="1" type="stmt"/>
        <line num="159" count="47" type="stmt"/>
        <line num="160" count="2" type="stmt"/>
        <line num="161" count="2" type="stmt"/>
        <line num="162" count="5" type="stmt"/>
        <line num="163" count="15" type="cond" truecount="1" falsecount="0"/>
        <line num="164" count="13" type="stmt"/>
        <line num="169" count="2" type="stmt"/>
        <line num="195" count="11" type="stmt"/>
        <line num="196" count="0" type="stmt"/>
        <line num="209" count="14" type="stmt"/>
      </file>
      <file name="Cell.jsx" path="C:\Users\chaum\Documents\TravelPort\react-minesweeper\src\components\Cell.jsx">
        <metrics statements="11" coveredstatements="11" conditionals="11" coveredconditionals="10" methods="3" coveredmethods="3"/>
        <line num="2" count="1" type="stmt"/>
        <line num="5" count="2650" type="stmt"/>
        <line num="6" count="2650" type="stmt"/>
        <line num="7" count="2650" type="stmt"/>
        <line num="9" count="2650" type="stmt"/>
        <line num="10" count="2650" type="stmt"/>
        <line num="15" count="2650" type="stmt"/>
        <line num="16" count="2650" type="cond" truecount="1" falsecount="0"/>
        <line num="17" count="2637" type="cond" truecount="2" falsecount="0"/>
        <line num="26" count="2650" type="stmt"/>
        <line num="38" count="2650" type="stmt"/>
      </file>
      <file name="Flags.jsx" path="C:\Users\chaum\Documents\TravelPort\react-minesweeper\src\components\Flags.jsx">
        <metrics statements="6" coveredstatements="6" conditionals="0" coveredconditionals="0" methods="1" coveredmethods="1"/>
        <line num="2" count="1" type="stmt"/>
        <line num="4" count="1" type="stmt"/>
        <line num="5" count="47" type="stmt"/>
        <line num="6" count="47" type="stmt"/>
        <line num="8" count="47" type="stmt"/>
        <line num="11" count="47" type="stmt"/>
      </file>
      <file name="LoseGame.jsx" path="C:\Users\chaum\Documents\TravelPort\react-minesweeper\src\components\LoseGame.jsx">
        <metrics statements="4" coveredstatements="3" conditionals="0" coveredconditionals="0" methods="1" coveredmethods="0"/>
        <line num="2" count="1" type="stmt"/>
        <line num="3" count="1" type="stmt"/>
        <line num="7" count="0" type="stmt"/>
        <line num="16" count="1" type="stmt"/>
      </file>
      <file name="MockDataLoader.jsx" path="C:\Users\chaum\Documents\TravelPort\react-minesweeper\src\components\MockDataLoader.jsx">
        <metrics statements="9" coveredstatements="9" conditionals="0" coveredconditionals="0" methods="3" coveredmethods="3"/>
        <line num="1" count="1" type="stmt"/>
        <line num="4" count="22" type="stmt"/>
        <line num="6" count="22" type="stmt"/>
        <line num="7" count="11" type="stmt"/>
        <line num="8" count="11" type="stmt"/>
        <line num="9" count="11" type="stmt"/>
        <line num="12" count="22" type="stmt"/>
        <line num="18" count="11" type="stmt"/>
        <line num="31" count="11" type="stmt"/>
      </file>
      <file name="Timer.jsx" path="C:\Users\chaum\Documents\TravelPort\react-minesweeper\src\components\Timer.jsx">
        <metrics statements="11" coveredstatements="10" conditionals="4" coveredconditionals="4" methods="6" coveredmethods="4"/>
        <line num="2" count="1" type="stmt"/>
        <line num="6" count="58" type="stmt"/>
        <line num="8" count="58" type="stmt"/>
        <line num="9" count="25" type="cond" truecount="4" falsecount="0"/>
        <line num="10" count="8" type="stmt"/>
        <line num="11" count="0" type="stmt"/>
        <line num="13" count="8" type="stmt"/>
        <line num="17" count="58" type="stmt"/>
        <line num="18" count="14" type="stmt"/>
        <line num="21" count="58" type="stmt"/>
        <line num="24" count="47" type="stmt"/>
      </file>
      <file name="WinGame.jsx" path="C:\Users\chaum\Documents\TravelPort\react-minesweeper\src\components\WinGame.jsx">
        <metrics statements="4" coveredstatements="3" conditionals="0" coveredconditionals="0" methods="1" coveredmethods="0"/>
        <line num="2" count="1" type="stmt"/>
        <line num="4" count="1" type="stmt"/>
        <line num="8" count="0" type="stmt"/>
        <line num="17" count="1" type="stmt"/>
      </file>
    </package>
    <package name="logic">
      <metrics statements="15" coveredstatements="15" conditionals="4" coveredconditionals="4" methods="3" coveredmethods="3"/>
      <file name="minesweeperLogic.js" path="C:\Users\chaum\Documents\TravelPort\react-minesweeper\src\logic\minesweeperLogic.js">
        <metrics statements="15" coveredstatements="15" conditionals="4" coveredconditionals="4" methods="3" coveredmethods="3"/>
        <line num="1" count="47" type="stmt"/>
        <line num="2" count="470" type="stmt"/>
        <line num="3" count="47" type="stmt"/>
        <line num="4" count="761" type="stmt"/>
        <line num="5" count="761" type="stmt"/>
        <line num="6" count="761" type="cond" truecount="1" falsecount="0"/>
        <line num="7" count="56" type="stmt"/>
        <line num="9" count="761" type="stmt"/>
        <line num="11" count="47" type="stmt"/>
        <line num="14" count="11" type="stmt"/>
        <line num="15" count="11" type="stmt"/>
        <line num="16" count="22" type="stmt"/>
        <line num="17" count="55" type="cond" truecount="3" falsecount="0"/>
        <line num="18" count="9" type="stmt"/>
        <line num="22" count="2" type="stmt"/>
      </file>
    </package>
  </project>
</coverage>
