{"C:\\Users\\chris\\Documents\\GitHub\\minesweeper-react\\src\\components\\Board.jsx": {"path":"C:\\Users\\chris\\Documents\\GitHub\\minesweeper-react\\src\\components\\Board.jsx","statementMap":{"0":{"start":{"line":209,"column":0},"end":{"line":209,"column":15}},"1":{"start":{"line":2,"column":43},"end":{"line":2,"column":null}},"2":{"start":{"line":3,"column":17},"end":{"line":3,"column":null}},"3":{"start":{"line":4,"column":18},"end":{"line":4,"column":null}},"4":{"start":{"line":5,"column":18},"end":{"line":5,"column":null}},"5":{"start":{"line":6,"column":40},"end":{"line":6,"column":null}},"6":{"start":{"line":7,"column":21},"end":{"line":7,"column":null}},"7":{"start":{"line":8,"column":20},"end":{"line":8,"column":null}},"8":{"start":{"line":9,"column":21},"end":{"line":9,"column":null}},"9":{"start":{"line":10,"column":27},"end":{"line":10,"column":null}},"10":{"start":{"line":12,"column":22},"end":{"line":12,"column":null}},"11":{"start":{"line":15,"column":28},"end":{"line":15,"column":null}},"12":{"start":{"line":16,"column":40},"end":{"line":16,"column":null}},"13":{"start":{"line":17,"column":34},"end":{"line":17,"column":null}},"14":{"start":{"line":18,"column":32},"end":{"line":18,"column":null}},"15":{"start":{"line":19,"column":42},"end":{"line":19,"column":null}},"16":{"start":{"line":20,"column":32},"end":{"line":20,"column":null}},"17":{"start":{"line":21,"column":50},"end":{"line":21,"column":67}},"18":{"start":{"line":23,"column":2},"end":{"line":31,"column":null}},"19":{"start":{"line":24,"column":26},"end":{"line":28,"column":null}},"20":{"start":{"line":25,"column":6},"end":{"line":27,"column":null}},"21":{"start":{"line":26,"column":8},"end":{"line":26,"column":null}},"22":{"start":{"line":29,"column":4},"end":{"line":29,"column":null}},"23":{"start":{"line":30,"column":4},"end":{"line":30,"column":null}},"24":{"start":{"line":30,"column":17},"end":{"line":30,"column":null}},"25":{"start":{"line":33,"column":33},"end":{"line":41,"column":null}},"26":{"start":{"line":34,"column":16},"end":{"line":34,"column":null}},"27":{"start":{"line":35,"column":4},"end":{"line":39,"column":null}},"28":{"start":{"line":35,"column":17},"end":{"line":35,"column":37}},"29":{"start":{"line":36,"column":6},"end":{"line":38,"column":null}},"30":{"start":{"line":36,"column":19},"end":{"line":36,"column":39}},"31":{"start":{"line":37,"column":8},"end":{"line":37,"column":null}},"32":{"start":{"line":37,"column":45},"end":{"line":37,"column":null}},"33":{"start":{"line":40,"column":4},"end":{"line":40,"column":null}},"34":{"start":{"line":43,"column":24},"end":{"line":74,"column":null}},"35":{"start":{"line":45,"column":4},"end":{"line":55,"column":null}},"36":{"start":{"line":54,"column":6},"end":{"line":54,"column":null}},"37":{"start":{"line":58,"column":4},"end":{"line":58,"column":null}},"38":{"start":{"line":61,"column":4},"end":{"line":70,"column":null}},"39":{"start":{"line":62,"column":6},"end":{"line":62,"column":null}},"40":{"start":{"line":63,"column":6},"end":{"line":63,"column":null}},"41":{"start":{"line":64,"column":6},"end":{"line":64,"column":null}},"42":{"start":{"line":65,"column":6},"end":{"line":65,"column":null}},"43":{"start":{"line":66,"column":6},"end":{"line":66,"column":null}},"44":{"start":{"line":67,"column":6},"end":{"line":67,"column":null}},"45":{"start":{"line":68,"column":6},"end":{"line":68,"column":null}},"46":{"start":{"line":69,"column":6},"end":{"line":69,"column":null}},"47":{"start":{"line":73,"column":4},"end":{"line":73,"column":null}},"48":{"start":{"line":76,"column":20},"end":{"line":83,"column":null}},"49":{"start":{"line":77,"column":4},"end":{"line":77,"column":null}},"50":{"start":{"line":78,"column":4},"end":{"line":78,"column":null}},"51":{"start":{"line":79,"column":4},"end":{"line":79,"column":null}},"52":{"start":{"line":80,"column":4},"end":{"line":80,"column":null}},"53":{"start":{"line":81,"column":4},"end":{"line":81,"column":null}},"54":{"start":{"line":81,"column":30},"end":{"line":81,"column":null}},"55":{"start":{"line":82,"column":4},"end":{"line":82,"column":null}},"56":{"start":{"line":85,"column":31},"end":{"line":101,"column":null}},"57":{"start":{"line":87,"column":17},"end":{"line":87,"column":null}},"58":{"start":{"line":90,"column":21},"end":{"line":95,"column":null}},"59":{"start":{"line":91,"column":6},"end":{"line":95,"column":null}},"60":{"start":{"line":93,"column":23},"end":{"line":93,"column":null}},"61":{"start":{"line":94,"column":26},"end":{"line":94,"column":null}},"62":{"start":{"line":95,"column":24},"end":{"line":95,"column":null}},"63":{"start":{"line":99,"column":4},"end":{"line":99,"column":null}},"64":{"start":{"line":100,"column":4},"end":{"line":100,"column":null}},"65":{"start":{"line":103,"column":22},"end":{"line":131,"column":null}},"66":{"start":{"line":104,"column":24},"end":{"line":104,"column":null}},"67":{"start":{"line":105,"column":22},"end":{"line":105,"column":42}},"68":{"start":{"line":106,"column":21},"end":{"line":106,"column":null}},"69":{"start":{"line":108,"column":4},"end":{"line":110,"column":null}},"70":{"start":{"line":109,"column":6},"end":{"line":109,"column":null}},"71":{"start":{"line":112,"column":4},"end":{"line":120,"column":null}},"72":{"start":{"line":113,"column":6},"end":{"line":113,"column":null}},"73":{"start":{"line":114,"column":6},"end":{"line":114,"column":null}},"74":{"start":{"line":115,"column":11},"end":{"line":120,"column":null}},"75":{"start":{"line":116,"column":6},"end":{"line":116,"column":null}},"76":{"start":{"line":118,"column":6},"end":{"line":118,"column":null}},"77":{"start":{"line":119,"column":6},"end":{"line":119,"column":null}},"78":{"start":{"line":122,"column":4},"end":{"line":124,"column":null}},"79":{"start":{"line":123,"column":6},"end":{"line":123,"column":null}},"80":{"start":{"line":126,"column":4},"end":{"line":130,"column":null}},"81":{"start":{"line":127,"column":6},"end":{"line":127,"column":null}},"82":{"start":{"line":128,"column":6},"end":{"line":128,"column":null}},"83":{"start":{"line":129,"column":6},"end":{"line":129,"column":null}},"84":{"start":{"line":133,"column":27},"end":{"line":149,"column":null}},"85":{"start":{"line":134,"column":4},"end":{"line":134,"column":null}},"86":{"start":{"line":137,"column":6},"end":{"line":137,"column":null}},"87":{"start":{"line":139,"column":4},"end":{"line":141,"column":null}},"88":{"start":{"line":140,"column":6},"end":{"line":140,"column":14}},"89":{"start":{"line":143,"column":4},"end":{"line":148,"column":null}},"90":{"start":{"line":144,"column":6},"end":{"line":147,"column":null}},"91":{"start":{"line":151,"column":22},"end":{"line":157,"column":null}},"92":{"start":{"line":152,"column":19},"end":{"line":153,"column":null}},"93":{"start":{"line":153,"column":6},"end":{"line":153,"column":null}},"94":{"start":{"line":153,"column":25},"end":{"line":153,"column":null}},"95":{"start":{"line":155,"column":4},"end":{"line":155,"column":null}},"96":{"start":{"line":156,"column":4},"end":{"line":156,"column":null}},"97":{"start":{"line":159,"column":25},"end":{"line":170,"column":null}},"98":{"start":{"line":160,"column":26},"end":{"line":160,"column":null}},"99":{"start":{"line":161,"column":4},"end":{"line":167,"column":null}},"100":{"start":{"line":162,"column":6},"end":{"line":166,"column":null}},"101":{"start":{"line":163,"column":8},"end":{"line":165,"column":null}},"102":{"start":{"line":164,"column":10},"end":{"line":164,"column":null}},"103":{"start":{"line":169,"column":4},"end":{"line":169,"column":null}},"104":{"start":{"line":195,"column":29},"end":{"line":195,"column":null}},"105":{"start":{"line":196,"column":40},"end":{"line":196,"column":null}},"106":{"start":{"line":209,"column":15},"end":{"line":209,"column":null}}},"fnMap":{"0":{"name":"Board","decl":{"start":{"line":14,"column":9},"end":{"line":14,"column":null}},"loc":{"start":{"line":14,"column":9},"end":{"line":207,"column":null}}},"1":{"name":"(anonymous_6)","decl":{"start":{"line":23,"column":12},"end":{"line":23,"column":null}},"loc":{"start":{"line":23,"column":12},"end":{"line":31,"column":5}}},"2":{"name":"(anonymous_7)","decl":{"start":{"line":24,"column":26},"end":{"line":24,"column":27}},"loc":{"start":{"line":24,"column":27},"end":{"line":28,"column":null}}},"3":{"name":"(anonymous_8)","decl":{"start":{"line":30,"column":11},"end":{"line":30,"column":17}},"loc":{"start":{"line":30,"column":17},"end":{"line":30,"column":null}}},"4":{"name":"(anonymous_9)","decl":{"start":{"line":33,"column":33},"end":{"line":33,"column":34}},"loc":{"start":{"line":33,"column":37},"end":{"line":41,"column":null}}},"5":{"name":"(anonymous_10)","decl":{"start":{"line":43,"column":24},"end":{"line":43,"column":25}},"loc":{"start":{"line":43,"column":37},"end":{"line":74,"column":null}}},"6":{"name":"(anonymous_11)","decl":{"start":{"line":76,"column":20},"end":{"line":76,"column":null}},"loc":{"start":{"line":76,"column":20},"end":{"line":83,"column":null}}},"7":{"name":"(anonymous_12)","decl":{"start":{"line":81,"column":20},"end":{"line":81,"column":21}},"loc":{"start":{"line":81,"column":30},"end":{"line":81,"column":null}}},"8":{"name":"(anonymous_13)","decl":{"start":{"line":85,"column":31},"end":{"line":85,"column":32}},"loc":{"start":{"line":85,"column":32},"end":{"line":101,"column":null}}},"9":{"name":"(anonymous_14)","decl":{"start":{"line":90,"column":30},"end":{"line":90,"column":31}},"loc":{"start":{"line":91,"column":6},"end":{"line":95,"column":null}}},"10":{"name":"(anonymous_15)","decl":{"start":{"line":93,"column":13},"end":{"line":93,"column":14}},"loc":{"start":{"line":93,"column":23},"end":{"line":93,"column":null}}},"11":{"name":"(anonymous_16)","decl":{"start":{"line":94,"column":16},"end":{"line":94,"column":17}},"loc":{"start":{"line":94,"column":26},"end":{"line":94,"column":null}}},"12":{"name":"(anonymous_17)","decl":{"start":{"line":95,"column":13},"end":{"line":95,"column":14}},"loc":{"start":{"line":95,"column":24},"end":{"line":95,"column":null}}},"13":{"name":"(anonymous_18)","decl":{"start":{"line":103,"column":22},"end":{"line":103,"column":23}},"loc":{"start":{"line":103,"column":26},"end":{"line":131,"column":null}}},"14":{"name":"(anonymous_19)","decl":{"start":{"line":133,"column":27},"end":{"line":133,"column":28}},"loc":{"start":{"line":133,"column":38},"end":{"line":149,"column":null}}},"15":{"name":"(anonymous_20)","decl":{"start":{"line":143,"column":15},"end":{"line":143,"column":16}},"loc":{"start":{"line":143,"column":16},"end":{"line":148,"column":null}}},"16":{"name":"(anonymous_21)","decl":{"start":{"line":151,"column":22},"end":{"line":151,"column":null}},"loc":{"start":{"line":151,"column":22},"end":{"line":157,"column":null}}},"17":{"name":"(anonymous_22)","decl":{"start":{"line":152,"column":29},"end":{"line":152,"column":30}},"loc":{"start":{"line":153,"column":6},"end":{"line":153,"column":null}}},"18":{"name":"(anonymous_23)","decl":{"start":{"line":153,"column":14},"end":{"line":153,"column":15}},"loc":{"start":{"line":153,"column":25},"end":{"line":153,"column":null}}},"19":{"name":"(anonymous_24)","decl":{"start":{"line":159,"column":25},"end":{"line":159,"column":null}},"loc":{"start":{"line":159,"column":25},"end":{"line":170,"column":null}}},"20":{"name":"(anonymous_25)","decl":{"start":{"line":161,"column":18},"end":{"line":161,"column":19}},"loc":{"start":{"line":161,"column":24},"end":{"line":167,"column":null}}},"21":{"name":"(anonymous_26)","decl":{"start":{"line":162,"column":18},"end":{"line":162,"column":19}},"loc":{"start":{"line":162,"column":25},"end":{"line":166,"column":null}}},"22":{"name":"(anonymous_29)","decl":{"start":{"line":195,"column":23},"end":{"line":195,"column":29}},"loc":{"start":{"line":195,"column":29},"end":{"line":195,"column":null}}},"23":{"name":"(anonymous_30)","decl":{"start":{"line":196,"column":29},"end":{"line":196,"column":30}},"loc":{"start":{"line":196,"column":40},"end":{"line":196,"column":null}}}},"branchMap":{"0":{"loc":{"start":{"line":25,"column":6},"end":{"line":27,"column":null}},"type":"if","locations":[{"start":{"line":25,"column":6},"end":{"line":27,"column":null}}]},"1":{"loc":{"start":{"line":25,"column":10},"end":{"line":25,"column":46}},"type":"binary-expr","locations":[{"start":{"line":25,"column":10},"end":{"line":25,"column":23}},{"start":{"line":25,"column":27},"end":{"line":25,"column":46}}]},"2":{"loc":{"start":{"line":37,"column":8},"end":{"line":37,"column":null}},"type":"if","locations":[{"start":{"line":37,"column":8},"end":{"line":37,"column":null}}]},"3":{"loc":{"start":{"line":37,"column":12},"end":{"line":37,"column":45}},"type":"binary-expr","locations":[{"start":{"line":37,"column":12},"end":{"line":37,"column":20}},{"start":{"line":37,"column":24},"end":{"line":37,"column":45}}]},"4":{"loc":{"start":{"line":45,"column":4},"end":{"line":55,"column":null}},"type":"if","locations":[{"start":{"line":45,"column":4},"end":{"line":55,"column":null}}]},"5":{"loc":{"start":{"line":46,"column":6},"end":{"line":52,"column":null}},"type":"binary-expr","locations":[{"start":{"line":46,"column":6},"end":{"line":46,"column":null}},{"start":{"line":47,"column":6},"end":{"line":47,"column":25}},{"start":{"line":48,"column":6},"end":{"line":48,"column":null}},{"start":{"line":49,"column":6},"end":{"line":49,"column":28}},{"start":{"line":50,"column":6},"end":{"line":50,"column":null}},{"start":{"line":51,"column":6},"end":{"line":51,"column":null}},{"start":{"line":52,"column":6},"end":{"line":52,"column":null}}]},"6":{"loc":{"start":{"line":61,"column":4},"end":{"line":70,"column":null}},"type":"if","locations":[{"start":{"line":61,"column":4},"end":{"line":70,"column":null}}]},"7":{"loc":{"start":{"line":95,"column":24},"end":{"line":95,"column":null}},"type":"cond-expr","locations":[{"start":{"line":95,"column":39},"end":{"line":95,"column":45}},{"start":{"line":95,"column":45},"end":{"line":95,"column":null}}]},"8":{"loc":{"start":{"line":108,"column":4},"end":{"line":110,"column":null}},"type":"if","locations":[{"start":{"line":108,"column":4},"end":{"line":110,"column":null}}]},"9":{"loc":{"start":{"line":108,"column":8},"end":{"line":108,"column":31}},"type":"binary-expr","locations":[{"start":{"line":108,"column":8},"end":{"line":108,"column":21}},{"start":{"line":108,"column":21},"end":{"line":108,"column":31}}]},"10":{"loc":{"start":{"line":112,"column":4},"end":{"line":120,"column":null}},"type":"if","locations":[{"start":{"line":112,"column":4},"end":{"line":120,"column":null}},{"start":{"line":115,"column":11},"end":{"line":120,"column":null}}]},"11":{"loc":{"start":{"line":115,"column":11},"end":{"line":120,"column":null}},"type":"if","locations":[{"start":{"line":115,"column":11},"end":{"line":120,"column":null}},{"start":{"line":117,"column":11},"end":{"line":120,"column":null}}]},"12":{"loc":{"start":{"line":122,"column":4},"end":{"line":124,"column":null}},"type":"if","locations":[{"start":{"line":122,"column":4},"end":{"line":124,"column":null}}]},"13":{"loc":{"start":{"line":126,"column":4},"end":{"line":130,"column":null}},"type":"if","locations":[{"start":{"line":126,"column":4},"end":{"line":130,"column":null}}]},"14":{"loc":{"start":{"line":137,"column":6},"end":{"line":137,"column":null}},"type":"binary-expr","locations":[{"start":{"line":137,"column":6},"end":{"line":137,"column":41}},{"start":{"line":137,"column":41},"end":{"line":137,"column":null}}]},"15":{"loc":{"start":{"line":139,"column":4},"end":{"line":141,"column":null}},"type":"if","locations":[{"start":{"line":139,"column":4},"end":{"line":141,"column":null}}]},"16":{"loc":{"start":{"line":139,"column":8},"end":{"line":139,"column":31}},"type":"binary-expr","locations":[{"start":{"line":139,"column":8},"end":{"line":139,"column":21}},{"start":{"line":139,"column":21},"end":{"line":139,"column":31}}]},"17":{"loc":{"start":{"line":153,"column":25},"end":{"line":153,"column":null}},"type":"cond-expr","locations":[{"start":{"line":153,"column":40},"end":{"line":153,"column":54}},{"start":{"line":153,"column":54},"end":{"line":153,"column":null}}]},"18":{"loc":{"start":{"line":163,"column":8},"end":{"line":165,"column":null}},"type":"if","locations":[{"start":{"line":163,"column":8},"end":{"line":165,"column":null}}]},"19":{"loc":{"start":{"line":174,"column":7},"end":{"line":178,"column":7}},"type":"binary-expr","locations":[{"start":{"line":174,"column":7},"end":{"line":174,"column":null}},{"start":{"line":175,"column":6},"end":{"line":178,"column":7}}]},"20":{"loc":{"start":{"line":188,"column":7},"end":{"line":189,"column":18}},"type":"binary-expr","locations":[{"start":{"line":188,"column":7},"end":{"line":188,"column":19}},{"start":{"line":188,"column":19},"end":{"line":189,"column":18}}]},"21":{"loc":{"start":{"line":189,"column":7},"end":{"line":190,"column":13}},"type":"binary-expr","locations":[{"start":{"line":189,"column":7},"end":{"line":189,"column":18}},{"start":{"line":189,"column":18},"end":{"line":190,"column":13}}]}},"s":{"0":5,"1":1,"2":1,"3":1,"4":1,"5":1,"6":1,"7":1,"8":1,"9":1,"10":1,"11":13,"12":12,"13":12,"14":12,"15":12,"16":12,"17":12,"18":12,"19":5,"20":2,"21":2,"22":5,"23":5,"24":5,"25":12,"26":3,"27":3,"28":3,"29":6,"30":6,"31":16,"32":8,"33":3,"34":12,"35":0,"36":0,"37":0,"38":0,"39":0,"40":0,"41":0,"42":0,"43":0,"44":0,"45":0,"46":0,"47":0,"48":12,"49":0,"50":0,"51":0,"52":0,"53":0,"54":0,"55":0,"56":12,"57":2,"58":2,"59":4,"60":20,"61":20,"62":12,"63":2,"64":2,"65":12,"66":2,"67":2,"68":2,"69":2,"70":0,"71":2,"72":1,"73":1,"74":1,"75":0,"76":1,"77":1,"78":2,"79":2,"80":2,"81":0,"82":0,"83":0,"84":12,"85":0,"86":0,"87":0,"88":0,"89":0,"90":0,"91":12,"92":1,"93":2,"94":6,"95":1,"96":1,"97":12,"98":0,"99":0,"100":0,"101":0,"102":0,"103":0,"104":2,"105":0,"106":1},"f":{"0":13,"1":5,"2":2,"3":5,"4":3,"5":0,"6":0,"7":0,"8":2,"9":4,"10":20,"11":20,"12":12,"13":2,"14":0,"15":0,"16":1,"17":2,"18":6,"19":0,"20":0,"21":0,"22":2,"23":0},"b":{"0":[2],"1":[2,2],"2":[8],"3":[16,16],"4":[0],"5":[0,0,0,0,0,0,0],"6":[0],"7":[6,6],"8":[0],"9":[2,2],"10":[1,1],"11":[0,1],"12":[2],"13":[0],"14":[0,0],"15":[0],"16":[0,0],"17":[3,3],"18":[0],"19":[12,2],"20":[12,2],"21":[12,0]}}
,"C:\\Users\\chris\\Documents\\GitHub\\minesweeper-react\\src\\components\\Cell.jsx": {"path":"C:\\Users\\chris\\Documents\\GitHub\\minesweeper-react\\src\\components\\Cell.jsx","statementMap":{"0":{"start":{"line":38,"column":0},"end":{"line":38,"column":15}},"1":{"start":{"line":2,"column":18},"end":{"line":2,"column":null}},"2":{"start":{"line":5,"column":20},"end":{"line":5,"column":40}},"3":{"start":{"line":6,"column":14},"end":{"line":6,"column":null}},"4":{"start":{"line":7,"column":14},"end":{"line":7,"column":null}},"5":{"start":{"line":9,"column":23},"end":{"line":13,"column":null}},"6":{"start":{"line":10,"column":4},"end":{"line":12,"column":null}},"7":{"start":{"line":15,"column":21},"end":{"line":24,"column":null}},"8":{"start":{"line":16,"column":4},"end":{"line":16,"column":null}},"9":{"start":{"line":16,"column":19},"end":{"line":16,"column":null}},"10":{"start":{"line":17,"column":4},"end":{"line":23,"column":null}},"11":{"start":{"line":26,"column":2},"end":{"line":33,"column":null}},"12":{"start":{"line":38,"column":15},"end":{"line":38,"column":null}}},"fnMap":{"0":{"name":"Cell","decl":{"start":{"line":4,"column":9},"end":{"line":4,"column":14}},"loc":{"start":{"line":4,"column":62},"end":{"line":36,"column":null}}},"1":{"name":"(anonymous_3)","decl":{"start":{"line":9,"column":23},"end":{"line":9,"column":null}},"loc":{"start":{"line":9,"column":23},"end":{"line":13,"column":null}}},"2":{"name":"(anonymous_4)","decl":{"start":{"line":15,"column":21},"end":{"line":15,"column":null}},"loc":{"start":{"line":15,"column":21},"end":{"line":24,"column":null}}}},"branchMap":{"0":{"loc":{"start":{"line":11,"column":6},"end":{"line":11,"column":null}},"type":"cond-expr","locations":[{"start":{"line":11,"column":59},"end":{"line":11,"column":71}},{"start":{"line":11,"column":71},"end":{"line":11,"column":null}}]},"1":{"loc":{"start":{"line":11,"column":6},"end":{"line":11,"column":59}},"type":"binary-expr","locations":[{"start":{"line":11,"column":6},"end":{"line":11,"column":35}},{"start":{"line":11,"column":35},"end":{"line":11,"column":59}}]},"2":{"loc":{"start":{"line":16,"column":4},"end":{"line":16,"column":null}},"type":"if","locations":[{"start":{"line":16,"column":4},"end":{"line":16,"column":null}}]},"3":{"loc":{"start":{"line":17,"column":11},"end":{"line":23,"column":null}},"type":"cond-expr","locations":[{"start":{"line":18,"column":8},"end":{"line":20,"column":13}},{"start":{"line":21,"column":8},"end":{"line":23,"column":null}}]},"4":{"loc":{"start":{"line":18,"column":8},"end":{"line":20,"column":13}},"type":"cond-expr","locations":[{"start":{"line":19,"column":10},"end":{"line":19,"column":null}},{"start":{"line":20,"column":10},"end":{"line":20,"column":13}}]},"5":{"loc":{"start":{"line":21,"column":8},"end":{"line":23,"column":null}},"type":"cond-expr","locations":[{"start":{"line":22,"column":8},"end":{"line":22,"column":null}},{"start":{"line":23,"column":8},"end":{"line":23,"column":null}}]}},"s":{"0":730,"1":1,"2":730,"3":730,"4":730,"5":730,"6":730,"7":730,"8":730,"9":0,"10":730,"11":730,"12":1},"f":{"0":730,"1":730,"2":730},"b":{"0":[7,723],"1":[730,729],"2":[0],"3":[1,729],"4":[1,0],"5":[6,723]}}
,"C:\\Users\\chris\\Documents\\GitHub\\minesweeper-react\\src\\components\\Flags.jsx": {"path":"C:\\Users\\chris\\Documents\\GitHub\\minesweeper-react\\src\\components\\Flags.jsx","statementMap":{"0":{"start":{"line":11,"column":0},"end":{"line":11,"column":15}},"1":{"start":{"line":2,"column":18},"end":{"line":2,"column":null}},"2":{"start":{"line":4,"column":14},"end":{"line":9,"column":null}},"3":{"start":{"line":5,"column":20},"end":{"line":5,"column":65}},"4":{"start":{"line":6,"column":25},"end":{"line":6,"column":null}},"5":{"start":{"line":8,"column":2},"end":{"line":8,"column":null}},"6":{"start":{"line":11,"column":15},"end":{"line":11,"column":null}}},"fnMap":{"0":{"name":"(anonymous_2)","decl":{"start":{"line":4,"column":14},"end":{"line":4,"column":15}},"loc":{"start":{"line":4,"column":40},"end":{"line":9,"column":null}}}},"branchMap":{},"s":{"0":12,"1":1,"2":1,"3":12,"4":12,"5":12,"6":1},"f":{"0":12},"b":{}}
,"C:\\Users\\chris\\Documents\\GitHub\\minesweeper-react\\src\\components\\LoseGame.jsx": {"path":"C:\\Users\\chris\\Documents\\GitHub\\minesweeper-react\\src\\components\\LoseGame.jsx","statementMap":{"0":{"start":{"line":16,"column":0},"end":{"line":16,"column":15}},"1":{"start":{"line":2,"column":18},"end":{"line":2,"column":null}},"2":{"start":{"line":3,"column":21},"end":{"line":3,"column":null}},"3":{"start":{"line":7,"column":2},"end":{"line":11,"column":null}},"4":{"start":{"line":16,"column":15},"end":{"line":16,"column":null}}},"fnMap":{"0":{"name":"LoseGame","decl":{"start":{"line":6,"column":9},"end":{"line":6,"column":18}},"loc":{"start":{"line":6,"column":31},"end":{"line":14,"column":null}}}},"branchMap":{},"s":{"0":2,"1":1,"2":1,"3":2,"4":1},"f":{"0":2},"b":{}}
,"C:\\Users\\chris\\Documents\\GitHub\\minesweeper-react\\src\\components\\MockDataLoader.jsx": {"path":"C:\\Users\\chris\\Documents\\GitHub\\minesweeper-react\\src\\components\\MockDataLoader.jsx","statementMap":{"0":{"start":{"line":31,"column":0},"end":{"line":31,"column":15}},"1":{"start":{"line":1,"column":43},"end":{"line":1,"column":null}},"2":{"start":{"line":4,"column":34},"end":{"line":4,"column":null}},"3":{"start":{"line":6,"column":23},"end":{"line":10,"column":null}},"4":{"start":{"line":7,"column":4},"end":{"line":7,"column":null}},"5":{"start":{"line":8,"column":4},"end":{"line":8,"column":null}},"6":{"start":{"line":9,"column":4},"end":{"line":9,"column":null}},"7":{"start":{"line":12,"column":2},"end":{"line":23,"column":null}},"8":{"start":{"line":18,"column":31},"end":{"line":18,"column":null}},"9":{"start":{"line":31,"column":15},"end":{"line":31,"column":null}}},"fnMap":{"0":{"name":"MockDataLoader","decl":{"start":{"line":3,"column":9},"end":{"line":3,"column":24}},"loc":{"start":{"line":3,"column":46},"end":{"line":29,"column":null}}},"1":{"name":"(anonymous_5)","decl":{"start":{"line":6,"column":23},"end":{"line":6,"column":24}},"loc":{"start":{"line":6,"column":24},"end":{"line":10,"column":null}}},"2":{"name":"(anonymous_6)","decl":{"start":{"line":18,"column":20},"end":{"line":18,"column":21}},"loc":{"start":{"line":18,"column":31},"end":{"line":18,"column":null}}}},"branchMap":{},"s":{"0":2,"1":1,"2":4,"3":4,"4":2,"5":2,"6":2,"7":4,"8":2,"9":1},"f":{"0":4,"1":2,"2":2},"b":{}}
,"C:\\Users\\chris\\Documents\\GitHub\\minesweeper-react\\src\\components\\Timer.jsx": {"path":"C:\\Users\\chris\\Documents\\GitHub\\minesweeper-react\\src\\components\\Timer.jsx","statementMap":{"0":{"start":{"line":24,"column":0},"end":{"line":24,"column":15}},"1":{"start":{"line":2,"column":42},"end":{"line":2,"column":null}},"2":{"start":{"line":6,"column":26},"end":{"line":6,"column":null}},"3":{"start":{"line":8,"column":2},"end":{"line":15,"column":null}},"4":{"start":{"line":9,"column":4},"end":{"line":14,"column":null}},"5":{"start":{"line":10,"column":20},"end":{"line":12,"column":null}},"6":{"start":{"line":11,"column":8},"end":{"line":11,"column":null}},"7":{"start":{"line":11,"column":26},"end":{"line":11,"column":null}},"8":{"start":{"line":13,"column":6},"end":{"line":13,"column":null}},"9":{"start":{"line":13,"column":19},"end":{"line":13,"column":null}},"10":{"start":{"line":17,"column":2},"end":{"line":19,"column":null}},"11":{"start":{"line":18,"column":4},"end":{"line":18,"column":null}},"12":{"start":{"line":21,"column":2},"end":{"line":21,"column":null}},"13":{"start":{"line":24,"column":15},"end":{"line":24,"column":null}}},"fnMap":{"0":{"name":"Timer","decl":{"start":{"line":5,"column":9},"end":{"line":5,"column":15}},"loc":{"start":{"line":5,"column":63},"end":{"line":22,"column":null}}},"1":{"name":"(anonymous_5)","decl":{"start":{"line":8,"column":12},"end":{"line":8,"column":null}},"loc":{"start":{"line":8,"column":12},"end":{"line":15,"column":5}}},"2":{"name":"(anonymous_6)","decl":{"start":{"line":10,"column":32},"end":{"line":10,"column":null}},"loc":{"start":{"line":10,"column":32},"end":{"line":12,"column":9}}},"3":{"name":"(anonymous_7)","decl":{"start":{"line":11,"column":16},"end":{"line":11,"column":17}},"loc":{"start":{"line":11,"column":26},"end":{"line":11,"column":null}}},"4":{"name":"(anonymous_8)","decl":{"start":{"line":13,"column":13},"end":{"line":13,"column":19}},"loc":{"start":{"line":13,"column":19},"end":{"line":13,"column":null}}},"5":{"name":"(anonymous_9)","decl":{"start":{"line":17,"column":12},"end":{"line":17,"column":null}},"loc":{"start":{"line":17,"column":12},"end":{"line":19,"column":5}}}},"branchMap":{"0":{"loc":{"start":{"line":9,"column":4},"end":{"line":14,"column":null}},"type":"if","locations":[{"start":{"line":9,"column":4},"end":{"line":14,"column":null}}]},"1":{"loc":{"start":{"line":9,"column":8},"end":{"line":9,"column":46}},"type":"binary-expr","locations":[{"start":{"line":9,"column":8},"end":{"line":9,"column":23}},{"start":{"line":9,"column":23},"end":{"line":9,"column":36}},{"start":{"line":9,"column":36},"end":{"line":9,"column":46}}]}},"s":{"0":12,"1":1,"2":14,"3":14,"4":6,"5":1,"6":0,"7":0,"8":1,"9":1,"10":14,"11":5,"12":14,"13":1},"f":{"0":14,"1":6,"2":0,"3":0,"4":1,"5":5},"b":{"0":[1],"1":[6,1,1]}}
,"C:\\Users\\chris\\Documents\\GitHub\\minesweeper-react\\src\\components\\WinGame.jsx": {"path":"C:\\Users\\chris\\Documents\\GitHub\\minesweeper-react\\src\\components\\WinGame.jsx","statementMap":{"0":{"start":{"line":17,"column":0},"end":{"line":17,"column":15}},"1":{"start":{"line":2,"column":18},"end":{"line":2,"column":null}},"2":{"start":{"line":4,"column":21},"end":{"line":4,"column":null}},"3":{"start":{"line":8,"column":2},"end":{"line":12,"column":null}},"4":{"start":{"line":17,"column":15},"end":{"line":17,"column":null}}},"fnMap":{"0":{"name":"WinGame","decl":{"start":{"line":7,"column":9},"end":{"line":7,"column":17}},"loc":{"start":{"line":7,"column":30},"end":{"line":15,"column":null}}}},"branchMap":{},"s":{"0":0,"1":1,"2":1,"3":0,"4":1},"f":{"0":0},"b":{}}
,"C:\\Users\\chris\\Documents\\GitHub\\minesweeper-react\\src\\logic\\minesweeperLogic.js": {"path":"C:\\Users\\chris\\Documents\\GitHub\\minesweeper-react\\src\\logic\\minesweeperLogic.js","statementMap":{"0":{"start":{"line":1,"column":16},"end":{"line":1,"column":29}},"1":{"start":{"line":14,"column":13},"end":{"line":14,"column":21}},"2":{"start":{"line":2,"column":14},"end":{"line":2,"column":null}},"3":{"start":{"line":2,"column":47},"end":{"line":2,"column":null}},"4":{"start":{"line":3,"column":2},"end":{"line":10,"column":null}},"5":{"start":{"line":3,"column":15},"end":{"line":3,"column":18}},"6":{"start":{"line":4,"column":14},"end":{"line":4,"column":null}},"7":{"start":{"line":5,"column":14},"end":{"line":5,"column":null}},"8":{"start":{"line":6,"column":4},"end":{"line":8,"column":null}},"9":{"start":{"line":7,"column":6},"end":{"line":7,"column":null}},"10":{"start":{"line":9,"column":4},"end":{"line":9,"column":null}},"11":{"start":{"line":11,"column":2},"end":{"line":11,"column":null}},"12":{"start":{"line":14,"column":24},"end":{"line":23,"column":null}},"13":{"start":{"line":15,"column":2},"end":{"line":21,"column":null}},"14":{"start":{"line":15,"column":15},"end":{"line":15,"column":18}},"15":{"start":{"line":16,"column":4},"end":{"line":20,"column":null}},"16":{"start":{"line":16,"column":17},"end":{"line":16,"column":20}},"17":{"start":{"line":17,"column":6},"end":{"line":19,"column":null}},"18":{"start":{"line":18,"column":8},"end":{"line":18,"column":null}},"19":{"start":{"line":22,"column":2},"end":{"line":22,"column":null}}},"fnMap":{"0":{"name":"generateBoard","decl":{"start":{"line":1,"column":16},"end":{"line":1,"column":29}},"loc":{"start":{"line":1,"column":43},"end":{"line":12,"column":null}}},"1":{"name":"(anonymous_4)","decl":{"start":{"line":2,"column":41},"end":{"line":2,"column":47}},"loc":{"start":{"line":2,"column":47},"end":{"line":2,"column":null}}},"2":{"name":"(anonymous_5)","decl":{"start":{"line":14,"column":24},"end":{"line":14,"column":25}},"loc":{"start":{"line":14,"column":25},"end":{"line":23,"column":null}}}},"branchMap":{"0":{"loc":{"start":{"line":6,"column":4},"end":{"line":8,"column":null}},"type":"if","locations":[{"start":{"line":6,"column":4},"end":{"line":8,"column":null}}]},"1":{"loc":{"start":{"line":17,"column":6},"end":{"line":19,"column":null}},"type":"if","locations":[{"start":{"line":17,"column":6},"end":{"line":19,"column":null}}]},"2":{"loc":{"start":{"line":17,"column":10},"end":{"line":17,"column":66}},"type":"binary-expr","locations":[{"start":{"line":17,"column":10},"end":{"line":17,"column":33}},{"start":{"line":17,"column":33},"end":{"line":17,"column":66}}]}},"s":{"0":13,"1":2,"2":13,"3":130,"4":13,"5":13,"6":206,"7":206,"8":206,"9":11,"10":206,"11":13,"12":1,"13":2,"14":2,"15":3,"16":3,"17":6,"18":2,"19":0},"f":{"0":13,"1":130,"2":2},"b":{"0":[11],"1":[2],"2":[6,3]}}
}
