TN:
SF:src\components\Board.jsx
FN:13,Board
FN:21,(anonymous_6)
FN:31,(anonymous_7)
FN:64,(anonymous_8)
FN:69,(anonymous_9)
FN:73,(anonymous_10)
FN:103,(anonymous_11)
FN:113,(anonymous_12)
FN:121,(anonymous_13)
FN:122,(anonymous_14)
FN:123,(anonymous_15)
FN:129,(anonymous_16)
FN:131,(anonymous_17)
FN:132,(anonymous_18)
FN:162,(anonymous_21)
FN:163,(anonymous_22)
FNF:16
FNH:1
FNDA:3,Board
FNDA:0,(anonymous_6)
FNDA:0,(anonymous_7)
FNDA:0,(anonymous_8)
FNDA:0,(anonymous_9)
FNDA:0,(anonymous_10)
FNDA:0,(anonymous_11)
FNDA:0,(anonymous_12)
FNDA:0,(anonymous_13)
FNDA:0,(anonymous_14)
FNDA:0,(anonymous_15)
FNDA:0,(anonymous_16)
FNDA:0,(anonymous_17)
FNDA:0,(anonymous_18)
FNDA:0,(anonymous_21)
FNDA:0,(anonymous_22)
DA:2,1
DA:3,1
DA:4,1
DA:5,1
DA:6,1
DA:7,1
DA:8,1
DA:9,1
DA:11,1
DA:14,3
DA:15,3
DA:16,3
DA:17,3
DA:18,3
DA:19,3
DA:21,3
DA:22,0
DA:23,0
DA:24,0
DA:25,0
DA:28,0
DA:31,3
DA:33,0
DA:42,0
DA:46,0
DA:49,0
DA:50,0
DA:51,0
DA:52,0
DA:53,0
DA:54,0
DA:55,0
DA:56,0
DA:57,0
DA:61,0
DA:64,3
DA:65,0
DA:66,0
DA:67,0
DA:68,0
DA:69,0
DA:70,0
DA:73,3
DA:74,0
DA:75,0
DA:76,0
DA:78,0
DA:79,0
DA:82,0
DA:83,0
DA:84,0
DA:85,0
DA:86,0
DA:88,0
DA:89,0
DA:92,0
DA:93,0
DA:96,0
DA:97,0
DA:98,0
DA:99,0
DA:103,3
DA:104,0
DA:107,0
DA:109,0
DA:110,0
DA:113,0
DA:114,0
DA:121,3
DA:122,0
DA:123,0
DA:125,0
DA:126,0
DA:129,3
DA:130,0
DA:131,0
DA:132,0
DA:133,0
DA:134,0
DA:139,0
DA:162,0
DA:163,0
DA:176,3
LF:83
LH:23
BRDA:25,0,0,0
BRDA:33,1,0,0
BRDA:34,2,0,0
BRDA:34,2,1,0
BRDA:34,2,2,0
BRDA:34,2,3,0
BRDA:34,2,4,0
BRDA:34,2,5,0
BRDA:34,2,6,0
BRDA:49,3,0,0
BRDA:78,4,0,0
BRDA:78,5,0,0
BRDA:78,5,1,0
BRDA:82,6,0,0
BRDA:82,6,1,0
BRDA:85,7,0,0
BRDA:85,7,1,0
BRDA:92,8,0,0
BRDA:96,9,0,0
BRDA:107,10,0,0
BRDA:107,10,1,0
BRDA:109,11,0,0
BRDA:109,12,0,0
BRDA:109,12,1,0
BRDA:123,13,0,0
BRDA:123,13,1,0
BRDA:133,14,0,0
BRDA:155,15,0,3
BRDA:155,15,1,0
BRDA:156,16,0,3
BRDA:156,16,1,0
BRF:31
BRH:2
end_of_record
TN:
SF:src\components\Cell.jsx
FN:4,Cell
FN:7,(anonymous_3)
FN:13,(anonymous_4)
FNF:3
FNH:3
FNDA:300,Cell
FNDA:300,(anonymous_3)
FNDA:300,(anonymous_4)
DA:2,1
DA:5,300
DA:7,300
DA:8,300
DA:13,300
DA:14,300
DA:15,300
DA:24,300
DA:35,300
LF:9
LH:9
BRDA:9,0,0,0
BRDA:9,0,1,300
BRDA:9,1,0,300
BRDA:9,1,1,300
BRDA:14,2,0,0
BRDA:15,3,0,0
BRDA:15,3,1,300
BRDA:16,4,0,0
BRDA:16,4,1,0
BRDA:19,5,0,0
BRDA:19,5,1,300
BRF:11
BRH:5
end_of_record
TN:
SF:src\components\Flags.jsx
FN:4,(anonymous_2)
FNF:1
FNH:1
FNDA:3,(anonymous_2)
DA:2,1
DA:4,1
DA:5,3
DA:6,3
DA:8,3
DA:11,3
LF:6
LH:6
BRF:0
BRH:0
end_of_record
TN:
SF:src\components\LoseGame.jsx
FN:6,LoseGame
FNF:1
FNH:0
FNDA:0,LoseGame
DA:2,1
DA:3,1
DA:7,0
DA:16,1
LF:4
LH:3
BRF:0
BRH:0
end_of_record
TN:
SF:src\components\Timer.jsx
FN:5,Timer
FN:8,(anonymous_5)
FN:10,(anonymous_6)
FN:11,(anonymous_7)
FN:13,(anonymous_8)
FN:17,(anonymous_9)
FNF:6
FNH:3
FNDA:3,Timer
FNDA:3,(anonymous_5)
FNDA:0,(anonymous_6)
FNDA:0,(anonymous_7)
FNDA:0,(anonymous_8)
FNDA:3,(anonymous_9)
DA:2,1
DA:6,3
DA:8,3
DA:9,3
DA:10,0
DA:11,0
DA:13,0
DA:17,3
DA:18,3
DA:21,3
DA:24,3
LF:11
LH:8
BRDA:9,0,0,0
BRDA:9,1,0,3
BRDA:9,1,1,0
BRDA:9,1,2,0
BRF:4
BRH:1
end_of_record
TN:
SF:src\components\WinGame.jsx
FN:7,WinGame
FNF:1
FNH:0
FNDA:0,WinGame
DA:2,1
DA:4,1
DA:8,0
DA:17,1
LF:4
LH:3
BRF:0
BRH:0
end_of_record
TN:
SF:src\logic\minesweeperLogic.js
FN:1,generateBoard
FN:2,(anonymous_4)
FN:14,(anonymous_5)
FNF:3
FNH:2
FNDA:3,generateBoard
FNDA:30,(anonymous_4)
FNDA:0,(anonymous_5)
DA:1,3
DA:2,30
DA:3,3
DA:4,50
DA:5,50
DA:6,50
DA:7,5
DA:9,50
DA:11,3
DA:14,1
DA:15,0
DA:16,0
DA:17,0
DA:18,0
DA:22,0
LF:15
LH:10
BRDA:6,0,0,5
BRDA:17,1,0,0
BRDA:17,2,0,0
BRDA:17,2,1,0
BRF:4
BRH:1
end_of_record
