TN:
SF:src\components\Board.jsx
FN:14,Board
FN:23,(anonymous_6)
FN:24,(anonymous_7)
FN:30,(anonymous_8)
FN:33,(anonymous_9)
FN:43,(anonymous_10)
FN:76,(anonymous_11)
FN:81,(anonymous_12)
FN:85,(anonymous_13)
FN:90,(anonymous_14)
FN:93,(anonymous_15)
FN:94,(anonymous_16)
FN:95,(anonymous_17)
FN:103,(anonymous_18)
FN:133,(anonymous_19)
FN:143,(anonymous_20)
FN:151,(anonymous_21)
FN:152,(anonymous_22)
FN:153,(anonymous_23)
FN:159,(anonymous_24)
FN:161,(anonymous_25)
FN:162,(anonymous_26)
FN:195,(anonymous_29)
FN:196,(anonymous_30)
FNF:24
FNH:18
FNDA:51,Board
FNDA:15,(anonymous_6)
FNDA:12,(anonymous_7)
FNDA:15,(anonymous_8)
FNDA:22,(anonymous_9)
FNDA:0,(anonymous_10)
FNDA:0,(anonymous_11)
FNDA:0,(anonymous_12)
FNDA:12,(anonymous_13)
FNDA:27,(anonymous_14)
FNDA:135,(anonymous_15)
FNDA:135,(anonymous_16)
FNDA:81,(anonymous_17)
FNDA:12,(anonymous_18)
FNDA:0,(anonymous_19)
FNDA:0,(anonymous_20)
FNDA:2,(anonymous_21)
FNDA:4,(anonymous_22)
FNDA:12,(anonymous_23)
FNDA:2,(anonymous_24)
FNDA:5,(anonymous_25)
FNDA:15,(anonymous_26)
FNDA:12,(anonymous_29)
FNDA:0,(anonymous_30)
DA:2,1
DA:3,1
DA:4,1
DA:5,1
DA:6,1
DA:7,1
DA:8,1
DA:9,1
DA:10,1
DA:12,1
DA:15,51
DA:16,51
DA:17,51
DA:18,51
DA:19,51
DA:20,51
DA:21,51
DA:23,51
DA:24,15
DA:25,12
DA:26,12
DA:29,15
DA:30,15
DA:33,51
DA:34,22
DA:35,22
DA:36,61
DA:37,181
DA:40,22
DA:43,51
DA:45,0
DA:54,0
DA:58,0
DA:61,0
DA:62,0
DA:63,0
DA:64,0
DA:65,0
DA:66,0
DA:67,0
DA:68,0
DA:69,0
DA:73,0
DA:76,51
DA:77,0
DA:78,0
DA:79,0
DA:80,0
DA:81,0
DA:82,0
DA:85,51
DA:87,12
DA:90,12
DA:91,27
DA:93,135
DA:94,135
DA:95,81
DA:99,12
DA:100,12
DA:103,51
DA:104,12
DA:105,12
DA:106,12
DA:108,12
DA:109,0
DA:112,12
DA:113,2
DA:114,2
DA:115,10
DA:116,0
DA:118,10
DA:119,10
DA:122,12
DA:123,12
DA:126,12
DA:127,2
DA:128,2
DA:133,51
DA:134,0
DA:137,0
DA:139,0
DA:140,0
DA:143,0
DA:144,0
DA:151,51
DA:152,2
DA:153,12
DA:155,2
DA:156,2
DA:159,51
DA:160,2
DA:161,2
DA:162,5
DA:163,15
DA:164,13
DA:169,2
DA:195,12
DA:196,0
DA:209,15
LF:99
LH:71
BRDA:25,0,0,12
BRDA:25,1,0,12
BRDA:25,1,1,12
BRDA:37,2,0,89
BRDA:37,3,0,181
BRDA:37,3,1,148
BRDA:45,4,0,0
BRDA:46,5,0,0
BRDA:46,5,1,0
BRDA:46,5,2,0
BRDA:46,5,3,0
BRDA:46,5,4,0
BRDA:46,5,5,0
BRDA:46,5,6,0
BRDA:61,6,0,0
BRDA:95,7,0,48
BRDA:95,7,1,33
BRDA:108,8,0,0
BRDA:108,9,0,12
BRDA:108,9,1,12
BRDA:112,10,0,2
BRDA:112,10,1,10
BRDA:115,11,0,0
BRDA:115,11,1,10
BRDA:122,12,0,12
BRDA:126,13,0,2
BRDA:137,14,0,0
BRDA:137,14,1,0
BRDA:139,15,0,0
BRDA:139,16,0,0
BRDA:139,16,1,0
BRDA:153,17,0,6
BRDA:153,17,1,6
BRDA:163,18,0,13
BRDA:174,19,0,51
BRDA:174,19,1,12
BRDA:188,20,0,51
BRDA:188,20,1,2
BRDA:189,21,0,51
BRDA:189,21,1,2
BRF:40
BRH:24
end_of_record
TN:
SF:src\components\Cell.jsx
FN:4,Cell
FN:9,(anonymous_3)
FN:15,(anonymous_4)
FNF:3
FNH:3
FNDA:2862,Cell
FNDA:2862,(anonymous_3)
FNDA:2862,(anonymous_4)
DA:2,1
DA:5,2862
DA:6,2862
DA:7,2862
DA:9,2862
DA:10,2862
DA:15,2862
DA:16,2862
DA:17,2849
DA:26,2862
DA:38,2862
LF:11
LH:11
BRDA:11,0,0,16
BRDA:11,0,1,2846
BRDA:11,1,0,2862
BRDA:11,1,1,2852
BRDA:16,2,0,13
BRDA:17,3,0,10
BRDA:17,3,1,2839
BRDA:18,4,0,10
BRDA:18,4,1,0
BRDA:21,5,0,6
BRDA:21,5,1,2833
BRF:11
BRH:10
end_of_record
TN:
SF:src\components\Flags.jsx
FN:4,(anonymous_2)
FNF:1
FNH:1
FNDA:51,(anonymous_2)
DA:2,1
DA:4,1
DA:5,51
DA:6,51
DA:8,51
DA:11,51
LF:6
LH:6
BRF:0
BRH:0
end_of_record
TN:
SF:src\components\LoseGame.jsx
FN:6,LoseGame
FNF:1
FNH:1
FNDA:2,LoseGame
DA:2,1
DA:3,1
DA:7,2
DA:15,2
LF:4
LH:4
BRF:0
BRH:0
end_of_record
TN:
SF:src\components\MockDataLoader.jsx
FN:3,MockDataLoader
FN:6,(anonymous_5)
FN:18,(anonymous_6)
FNF:3
FNH:3
FNDA:24,MockDataLoader
FNDA:12,(anonymous_5)
FNDA:12,(anonymous_6)
DA:1,1
DA:4,24
DA:6,24
DA:7,12
DA:8,12
DA:9,12
DA:12,24
DA:18,12
DA:31,12
LF:9
LH:9
BRF:0
BRH:0
end_of_record
TN:
SF:src\components\Timer.jsx
FN:5,Timer
FN:8,(anonymous_5)
FN:10,(anonymous_6)
FN:11,(anonymous_7)
FN:13,(anonymous_8)
FN:17,(anonymous_9)
FNF:6
FNH:4
FNDA:63,Timer
FNDA:27,(anonymous_5)
FNDA:0,(anonymous_6)
FNDA:0,(anonymous_7)
FNDA:8,(anonymous_8)
FNDA:15,(anonymous_9)
DA:2,1
DA:6,63
DA:8,63
DA:9,27
DA:10,8
DA:11,0
DA:13,8
DA:17,63
DA:18,15
DA:21,63
DA:24,51
LF:11
LH:10
BRDA:9,0,0,8
BRDA:9,1,0,27
BRDA:9,1,1,12
BRDA:9,1,2,10
BRF:4
BRH:4
end_of_record
TN:
SF:src\components\WinGame.jsx
FN:7,WinGame
FNF:1
FNH:1
FNDA:2,WinGame
DA:2,1
DA:4,1
DA:8,2
DA:16,2
LF:4
LH:4
BRF:0
BRH:0
end_of_record
TN:
SF:src\logic\minesweeperLogic.js
FN:1,generateBoard
FN:2,(anonymous_4)
FN:14,(anonymous_5)
FNF:3
FNH:3
FNDA:51,generateBoard
FNDA:510,(anonymous_4)
FNDA:12,(anonymous_5)
DA:1,51
DA:2,510
DA:3,51
DA:4,821
DA:5,821
DA:6,821
DA:7,56
DA:9,821
DA:11,51
DA:14,12
DA:15,12
DA:16,23
DA:17,57
DA:18,10
DA:22,2
LF:15
LH:15
BRDA:6,0,0,56
BRDA:17,1,0,10
BRDA:17,2,0,57
BRDA:17,2,1,17
BRF:4
BRH:4
end_of_record
